<?xml version="1.0" encoding="UTF-8"?>
<!-- Generated by org.testng.reporters.JUnitXMLReporter -->
<testsuite hostname="DESKTOP-VF37R99" name="Test" tests="8" failures="2" timestamp="5 Sep 2021 11:08:07 GMT" time="0.053" errors="0">
  <testcase name="testCase_003" time="0.014" classname="sample.DemoTest01">
    <failure type="java.lang.AssertionError" message="expected [true] but found [false]">
      <![CDATA[java.lang.AssertionError: expected [true] but found [false]
	at sample.DemoTest01.testCase_003(DemoTest01.java:28)
... Removed 32 stack frames]]>
    </failure>
  </testcase> <!-- testCase_003 -->
  <testcase name="testCase_001" time="0.001" classname="sample.DemoTest01"/>
  <testcase name="testCase_002" time="0.0" classname="sample.DemoTest01"/>
  <testcase name="testCase_004" time="0.0" classname="sample.DemoTest01">
    <skipped/>
  </testcase> <!-- testCase_004 -->
  <testcase name="testCase_005" time="0.001" classname="sample.DemoTest02"/>
  <testcase name="testCase_006" time="0.001" classname="sample.DemoTest02"/>
  <testcase name="testCase_007" time="0.001" classname="sample.DemoTest02">
    <failure type="java.lang.AssertionError" message="expected [true] but found [false]">
      <![CDATA[java.lang.AssertionError: expected [true] but found [false]
	at sample.DemoTest02.testCase_007(DemoTest02.java:28)
... Removed 32 stack frames]]>
    </failure>
  </testcase> <!-- testCase_007 -->
  <testcase name="testCase_008" time="0.0" classname="sample.DemoTest02">
    <skipped/>
  </testcase> <!-- testCase_008 -->
</testsuite> <!-- Test -->
