<?xml version="1.0" encoding="UTF-8"?>
<testsuite xmlns:xsi="http://www.w3.org/2001/XMLSchema-instance" xsi:noNamespaceSchemaLocation="https://maven.apache.org/surefire/maven-surefire-plugin/xsd/surefire-test-report-3.0.xsd" version="3.0" name="TestSuite" time="0.982" tests="8" errors="0" skipped="2" failures="2">
  <properties>
[...]
</properties>
  <testcase name="testCase_003" classname="sample.DemoTest01" time="0.022">
    <failure message="expected [true] but found [false]" type="java.lang.AssertionError"><![CDATA[java.lang.AssertionError: expected [true] but found [false]
	at sample.DemoTest01.testCase_003(DemoTest01.java:28)
]]></failure>
    <system-out><![CDATA[This is test case 003
]]></system-out>
  </testcase>
  <testcase name="testCase_001" classname="sample.DemoTest01" time="0">
    <system-out><![CDATA[This is test case 001
]]></system-out>
  </testcase>
  <testcase name="testCase_002" classname="sample.DemoTest01" time="0.001">
    <system-out><![CDATA[This is test case 002
]]></system-out>
  </testcase>
  <testcase name="testCase_004" classname="sample.DemoTest01" time="0">
    <skipped message="Method DemoTest01.testCase_004()[pri:0, instance:sample.DemoTest01@2d3fcdbd] depends on not successfully finished methods"/>
  </testcase>
  <testcase name="testCase_005" classname="sample.DemoTest02" time="0.001">
    <system-out><![CDATA[This is test case 005
]]></system-out>
  </testcase>
  <testcase name="testCase_006" classname="sample.DemoTest02" time="0">
    <system-out><![CDATA[This is test case 006
]]></system-out>
  </testcase>
  <testcase name="testCase_007" classname="sample.DemoTest02" time="0.003">
    <failure message="expected [true] but found [false]" type="java.lang.AssertionError"><![CDATA[java.lang.AssertionError: expected [true] but found [false]
	at sample.DemoTest02.testCase_007(DemoTest02.java:28)
]]></failure>
    <system-out><![CDATA[This is test case 007
]]></system-out>
  </testcase>
  <testcase name="testCase_008" classname="sample.DemoTest02" time="0">
    <skipped message="Method DemoTest02.testCase_008()[pri:0, instance:sample.DemoTest02@67b6d4ae] depends on not successfully finished methods"/>
  </testcase>
</testsuite>